{"name": "test_create_post_success", "status": "failed", "statusDetails": {"message": "AssertionError: Locator expected to be visible\nActual value: <element(s) not found> \nCall log:\nLocatorAssertions.to_be_visible with timeout 10000ms\n  - waiting for locator(\"button:has-text('Publish Article')\").first", "trace": "self = <test_create_post.TestCreatePost object at 0x000002332F0711C0>, page = <Page url='https://hocvancokimngan.com/add_blog/'>\n\n    @allure.story(\"Tạo bài viết mới thành công\")\n    @allure.tag(\"auth\")\n    def test_create_post_success(self, page):\n        lp = LoginPage(page)\n        lp.goto().login(settings.USER_EMAIL, settings.USER_PASSWORD).assert_logged_in(\"test1111\")\n        pe = PostEditorPage(page)\n    \n    \n        #pe.open().goto_editor().create_post(title, about, body, tags).assert_post_published(title)\n        pe.open().goto_editor()\n>       pe.create_post(\"abcd\", \"15\")\n\ntests\\web\\test_create_post.py:23: \n_ _ _ _ _ _ _ _ _ _ _ _ _ _ _ _ _ _ _ _ _ _ _ _ _ _ _ _ _ _ _ _ _ _ _ _ _ _ _ _ _ _ _ _ _ _ _ _ _ _ _ _ _ _ _ _ _ _ _ _ _ _ _ _ _ _ _ _ _ _ _ _ _ _ _ _ _ _ _ _ _ _ _ _ _ _ _ _ _ _ _ _ _ _ _ _ _ _ _ _ _ _ _ _ _ _ _ _ _ _ _ _ \npages\\post_editor_page.py:32: in create_post\n    self.click_button(self.BTN_PUBLISH)\npages\\base_page.py:114: in click_button\n    self._click(locator.first, expect_nav=expect_nav)\npages\\base_page.py:138: in _click\n    self._wait_visible(locator)\n_ _ _ _ _ _ _ _ _ _ _ _ _ _ _ _ _ _ _ _ _ _ _ _ _ _ _ _ _ _ _ _ _ _ _ _ _ _ _ _ _ _ _ _ _ _ _ _ _ _ _ _ _ _ _ _ _ _ _ _ _ _ _ _ _ _ _ _ _ _ _ _ _ _ _ _ _ _ _ _ _ _ _ _ _ _ _ _ _ _ _ _ _ _ _ _ _ _ _ _ _ _ _ _ _ _ _ _ _ _ _ _ \n\nself = <pages.post_editor_page.PostEditorPage object at 0x00000233303DB6B0>, locator = <Locator frame=<Frame name= url='https://hocvancokimngan.com/add_blog/'> selector=\"button:has-text('Publish Article') >> nth=0\">\ntimeout = None\n\n    def _wait_visible(self, locator: Locator, timeout: Optional[int] = None):\n>       expect(locator).to_be_visible(timeout=timeout or settings.PW_TIMEOUT)\nE       AssertionError: Locator expected to be visible\nE       Actual value: <element(s) not found> \nE       Call log:\nE       LocatorAssertions.to_be_visible with timeout 10000ms\nE         - waiting for locator(\"button:has-text('Publish Article')\").first\n\npages\\base_page.py:221: AssertionError"}, "steps": [{"name": "Mở trang chủ", "status": "passed", "start": 1755873062805, "stop": 1755873063644}, {"name": "Đi tới trang Sign in", "status": "passed", "start": 1755873063644, "stop": 1755873064042}, {"name": "Nhập thông tin đăng nhập", "status": "passed", "start": 1755873064042, "stop": 1755873064115}, {"name": "Đăng nhập", "status": "passed", "start": 1755873064115, "stop": 1755873065032}, {"name": "Xác minh đã đăng nhập thành công", "status": "passed", "start": 1755873065032, "stop": 1755873065101}, {"name": "Mở form tạo bài viết", "status": "passed", "start": 1755873065195, "stop": 1755873065702}, {"name": "Nhập nội dung bài viết", "status": "passed", "start": 1755873065702, "stop": 1755873065780}, {"name": "Xuất bản bài viết", "status": "failed", "statusDetails": {"message": "AssertionError: Locator expected to be visible\nActual value: <element(s) not found> \nCall log:\nLocatorAssertions.to_be_visible with timeout 10000ms\n  - waiting for locator(\"button:has-text('Publish Article')\").first\n\n", "trace": "  File \"C:\\Users\\thanh\\PycharmProjects\\auto_python_playwright_web\\pages\\post_editor_page.py\", line 32, in create_post\n    self.click_button(self.BTN_PUBLISH)\n  File \"C:\\Users\\thanh\\PycharmProjects\\auto_python_playwright_web\\pages\\base_page.py\", line 114, in click_button\n    self._click(locator.first, expect_nav=expect_nav)\n  File \"C:\\Users\\thanh\\PycharmProjects\\auto_python_playwright_web\\pages\\base_page.py\", line 138, in _click\n    self._wait_visible(locator)\n  File \"C:\\Users\\thanh\\PycharmProjects\\auto_python_playwright_web\\pages\\base_page.py\", line 221, in _wait_visible\n    expect(locator).to_be_visible(timeout=timeout or settings.PW_TIMEOUT)\n  File \"C:\\Users\\thanh\\PycharmProjects\\auto_python_playwright_web\\.venv\\Lib\\site-packages\\playwright\\sync_api\\_generated.py\", line 19757, in to_be_visible\n    self._sync(self._impl_obj.to_be_visible(visible=visible, timeout=timeout))\n  File \"C:\\Users\\thanh\\PycharmProjects\\auto_python_playwright_web\\.venv\\Lib\\site-packages\\playwright\\_impl\\_sync_base.py\", line 115, in _sync\n    return task.result()\n           ^^^^^^^^^^^^^\n  File \"C:\\Users\\thanh\\PycharmProjects\\auto_python_playwright_web\\.venv\\Lib\\site-packages\\playwright\\_impl\\_assertions.py\", line 664, in to_be_visible\n    await self._expect_impl(\n  File \"C:\\Users\\thanh\\PycharmProjects\\auto_python_playwright_web\\.venv\\Lib\\site-packages\\playwright\\_impl\\_assertions.py\", line 74, in _expect_impl\n    raise AssertionError(\n"}, "start": 1755873065780, "stop": 1755873075813}], "attachments": [{"name": "stdout", "source": "620394cd-9c6a-4b99-b899-f48a697f47b8-attachment.txt", "type": "text/plain"}], "start": 1755873062803, "stop": 1755873075813, "uuid": "4da15ff8-5e6e-47f8-8351-49ad2f1d5687", "historyId": "768bcb5d3542cf9368da80bd1e9e51e4", "testCaseId": "768bcb5d3542cf9368da80bd1e9e51e4", "fullName": "tests.web.test_create_post.TestCreatePost#test_create_post_success", "labels": [{"name": "story", "value": "Tạo bài viết mới thành công"}, {"name": "feature", "value": "Post"}, {"name": "tag", "value": "auth"}, {"name": "severity", "value": "critical"}, {"name": "parentSuite", "value": "tests.web"}, {"name": "suite", "value": "test_create_post"}, {"name": "subSuite", "value": "TestCreatePost"}, {"name": "host", "value": "Thanh-PC"}, {"name": "thread", "value": "19520-MainThread"}, {"name": "framework", "value": "pytest"}, {"name": "language", "value": "cpython3"}, {"name": "package", "value": "tests.web.test_create_post"}]}