{"name": "test_login_success", "status": "failed", "statusDetails": {"message": "AssertionError: Locator expected to be visible\nActual value: <element(s) not found> \nCall log:\nLocatorAssertions.to_be_visible with timeout 5000ms\n  - waiting for get_by_role(\"link\", name=\"New Article\", exact=True)", "trace": "self = <test_login.TestLogin object at 0x000002661AF5FC20>, page = <Page url='https://hocvancungricky.com/'>\n\n    @allure.story(\"Login thành công\")\n    def test_login_success(self, page):\n        lp = LoginPage(page)\n>       lp.goto().login(settings.USER_EMAIL, settings.USER_PASSWORD).assert_logged_in()\n\ntests\\web\\test_login.py:12: \n_ _ _ _ _ _ _ _ _ _ _ _ _ _ _ _ _ _ _ _ _ _ _ _ _ _ _ _ _ _ _ _ _ _ _ _ _ _ _ _ _ _ _ _ _ _ _ _ _ _ _ _ _ _ _ _ _ _ _ _ _ _ _ _ _ _ _ _ _ _ _ _ _ _ _ _ _ _ _ _ _ _ _ _ _ _ _ _ _ _ _ _ _ _ _ _ _ _ _ _ _ _ _ _ _ _ _ _ _ _ _ _ \n\nself = <pages.login_page.LoginPage object at 0x000002661B05FD10>\n\n    def assert_logged_in(self):\n        with allure.step(\"Xác minh đã đăng nhập (có link 'New Article')\"):\n>           expect(self.page.get_by_role(\"link\", name=\"New Article\", exact=True)).to_be_visible()\nE           AssertionError: Locator expected to be visible\nE           Actual value: <element(s) not found> \nE           Call log:\nE           LocatorAssertions.to_be_visible with timeout 5000ms\nE             - waiting for get_by_role(\"link\", name=\"New Article\", exact=True)\n\npages\\login_page.py:30: AssertionError"}, "steps": [{"name": "Mở trang chủ", "status": "passed", "start": 1755699154785, "stop": 1755699157876}, {"name": "Đi tới trang Sign in", "status": "passed", "start": 1755699157876, "stop": 1755699158391}, {"name": "Nhập thông tin đăng nhập", "status": "passed", "start": 1755699158391, "stop": 1755699158594}, {"name": "Đăng nhập", "status": "passed", "start": 1755699158594, "stop": 1755699159485}, {"name": "Xác minh đã đăng nhập (có link 'New Article')", "status": "failed", "statusDetails": {"message": "AssertionError: Locator expected to be visible\nActual value: <element(s) not found> \nCall log:\nLocatorAssertions.to_be_visible with timeout 5000ms\n  - waiting for get_by_role(\"link\", name=\"New Article\", exact=True)\n\n", "trace": "  File \"C:\\Users\\thanh\\PycharmProjects\\auto_python_playwright_web\\pages\\login_page.py\", line 30, in assert_logged_in\n    expect(self.page.get_by_role(\"link\", name=\"New Article\", exact=True)).to_be_visible()\n  File \"C:\\Users\\thanh\\PycharmProjects\\auto_python_playwright_web\\.venv\\Lib\\site-packages\\playwright\\sync_api\\_generated.py\", line 19757, in to_be_visible\n    self._sync(self._impl_obj.to_be_visible(visible=visible, timeout=timeout))\n  File \"C:\\Users\\thanh\\PycharmProjects\\auto_python_playwright_web\\.venv\\Lib\\site-packages\\playwright\\_impl\\_sync_base.py\", line 115, in _sync\n    return task.result()\n           ^^^^^^^^^^^^^\n  File \"C:\\Users\\thanh\\PycharmProjects\\auto_python_playwright_web\\.venv\\Lib\\site-packages\\playwright\\_impl\\_assertions.py\", line 664, in to_be_visible\n    await self._expect_impl(\n  File \"C:\\Users\\thanh\\PycharmProjects\\auto_python_playwright_web\\.venv\\Lib\\site-packages\\playwright\\_impl\\_assertions.py\", line 74, in _expect_impl\n    raise AssertionError(\n"}, "start": 1755699159485, "stop": 1755699164504}], "attachments": [{"name": "stdout", "source": "2afea11b-70f5-4ba0-a431-039867f7b997-attachment.txt", "type": "text/plain"}], "start": 1755699154783, "stop": 1755699164504, "uuid": "0fb82776-c55a-411d-9a8c-8ac48a48c5f7", "historyId": "875a81a05b6adf5de97d29a15a01413b", "testCaseId": "875a81a05b6adf5de97d29a15a01413b", "fullName": "tests.web.test_login.TestLogin#test_login_success", "labels": [{"name": "feature", "value": "Authentication"}, {"name": "severity", "value": "critical"}, {"name": "story", "value": "Login thành công"}, {"name": "parentSuite", "value": "tests.web"}, {"name": "suite", "value": "test_login"}, {"name": "subSuite", "value": "TestLogin"}, {"name": "host", "value": "Thanh-PC"}, {"name": "thread", "value": "2032-MainThread"}, {"name": "framework", "value": "pytest"}, {"name": "language", "value": "cpython3"}, {"name": "package", "value": "tests.web.test_login"}]}