{"name": "test_create_post_success", "status": "failed", "statusDetails": {"message": "AssertionError: Locator expected to be visible\nActual value: <element(s) not found> \nCall log:\nLocatorAssertions.to_be_visible with timeout 10000ms\n  - waiting for get_by_placeholder(\"presentation\")", "trace": "self = <test_create_post.TestCreatePost object at 0x000001C6A4098CE0>, page = <Page url='https://hocvancokimngan.com/add_blog/'>\n\n    @allure.story(\"Tạo bài viết mới thành công\")\n    @allure.tag(\"auth\")\n    def test_create_post_success(self, page):\n        lp = LoginPage(page)\n        lp.goto().login(settings.USER_EMAIL, settings.USER_PASSWORD).assert_logged_in(\"test1111\")\n        pe = PostEditorPage(page)\n    \n    \n        #pe.open().goto_editor().create_post(title, about, body, tags).assert_post_published(title)\n        pe.open().goto_editor()\n>       pe.create_post(\"abcd\", \"15\", \"1234\")\n\ntests\\web\\test_create_post.py:23: \n_ _ _ _ _ _ _ _ _ _ _ _ _ _ _ _ _ _ _ _ _ _ _ _ _ _ _ _ _ _ _ _ _ _ _ _ _ _ _ _ _ _ _ _ _ _ _ _ _ _ _ _ _ _ _ _ _ _ _ _ _ _ _ _ _ _ _ _ _ _ _ _ _ _ _ _ _ _ _ _ _ _ _ _ _ _ _ _ _ _ _ _ _ _ _ _ _ _ _ _ _ _ _ _ _ _ _ _ _ _ _ _ \npages\\post_editor_page.py:29: in create_post\n    self.fill_by_placeholder(self.PH_BODY, body)\npages\\base_page.py:159: in fill_by_placeholder\n    self._wait_visible(field)\n_ _ _ _ _ _ _ _ _ _ _ _ _ _ _ _ _ _ _ _ _ _ _ _ _ _ _ _ _ _ _ _ _ _ _ _ _ _ _ _ _ _ _ _ _ _ _ _ _ _ _ _ _ _ _ _ _ _ _ _ _ _ _ _ _ _ _ _ _ _ _ _ _ _ _ _ _ _ _ _ _ _ _ _ _ _ _ _ _ _ _ _ _ _ _ _ _ _ _ _ _ _ _ _ _ _ _ _ _ _ _ _ \n\nself = <pages.post_editor_page.PostEditorPage object at 0x000001C6A53BAA80>, locator = <Locator frame=<Frame name= url='https://hocvancokimngan.com/add_blog/'> selector='internal:attr=[placeholder=\"presentation\"i]'>\ntimeout = None\n\n    def _wait_visible(self, locator: Locator, timeout: Optional[int] = None):\n>       expect(locator).to_be_visible(timeout=timeout or settings.PW_TIMEOUT)\nE       AssertionError: Locator expected to be visible\nE       Actual value: <element(s) not found> \nE       Call log:\nE       LocatorAssertions.to_be_visible with timeout 10000ms\nE         - waiting for get_by_placeholder(\"presentation\")\n\npages\\base_page.py:221: AssertionError"}, "steps": [{"name": "Mở trang chủ", "status": "passed", "start": 1755873226505, "stop": 1755873227253}, {"name": "Đi tới trang Sign in", "status": "passed", "start": 1755873227253, "stop": 1755873227641}, {"name": "Nhập thông tin đăng nhập", "status": "passed", "start": 1755873227642, "stop": 1755873227720}, {"name": "Đăng nhập", "status": "passed", "start": 1755873227721, "stop": 1755873228543}, {"name": "Xác minh đã đăng nhập thành công", "status": "passed", "start": 1755873228543, "stop": 1755873228611}, {"name": "Mở form tạo bài viết", "status": "passed", "start": 1755873228702, "stop": 1755873229200}, {"name": "Nhập nội dung bài viết", "status": "failed", "statusDetails": {"message": "AssertionError: Locator expected to be visible\nActual value: <element(s) not found> \nCall log:\nLocatorAssertions.to_be_visible with timeout 10000ms\n  - waiting for get_by_placeholder(\"presentation\")\n\n", "trace": "  File \"C:\\Users\\thanh\\PycharmProjects\\auto_python_playwright_web\\pages\\post_editor_page.py\", line 29, in create_post\n    self.fill_by_placeholder(self.PH_BODY, body)\n  File \"C:\\Users\\thanh\\PycharmProjects\\auto_python_playwright_web\\pages\\base_page.py\", line 159, in fill_by_placeholder\n    self._wait_visible(field)\n  File \"C:\\Users\\thanh\\PycharmProjects\\auto_python_playwright_web\\pages\\base_page.py\", line 221, in _wait_visible\n    expect(locator).to_be_visible(timeout=timeout or settings.PW_TIMEOUT)\n  File \"C:\\Users\\thanh\\PycharmProjects\\auto_python_playwright_web\\.venv\\Lib\\site-packages\\playwright\\sync_api\\_generated.py\", line 19757, in to_be_visible\n    self._sync(self._impl_obj.to_be_visible(visible=visible, timeout=timeout))\n  File \"C:\\Users\\thanh\\PycharmProjects\\auto_python_playwright_web\\.venv\\Lib\\site-packages\\playwright\\_impl\\_sync_base.py\", line 115, in _sync\n    return task.result()\n           ^^^^^^^^^^^^^\n  File \"C:\\Users\\thanh\\PycharmProjects\\auto_python_playwright_web\\.venv\\Lib\\site-packages\\playwright\\_impl\\_assertions.py\", line 664, in to_be_visible\n    await self._expect_impl(\n  File \"C:\\Users\\thanh\\PycharmProjects\\auto_python_playwright_web\\.venv\\Lib\\site-packages\\playwright\\_impl\\_assertions.py\", line 74, in _expect_impl\n    raise AssertionError(\n"}, "start": 1755873229200, "stop": 1755873239304}], "attachments": [{"name": "stdout", "source": "6eb33176-35f6-482e-a747-d42191258232-attachment.txt", "type": "text/plain"}], "start": 1755873226497, "stop": 1755873239304, "uuid": "bf7f605f-7c56-4e84-a2e6-b5b0b9b23eeb", "historyId": "768bcb5d3542cf9368da80bd1e9e51e4", "testCaseId": "768bcb5d3542cf9368da80bd1e9e51e4", "fullName": "tests.web.test_create_post.TestCreatePost#test_create_post_success", "labels": [{"name": "feature", "value": "Post"}, {"name": "severity", "value": "critical"}, {"name": "story", "value": "Tạo bài viết mới thành công"}, {"name": "tag", "value": "auth"}, {"name": "parentSuite", "value": "tests.web"}, {"name": "suite", "value": "test_create_post"}, {"name": "subSuite", "value": "TestCreatePost"}, {"name": "host", "value": "Thanh-PC"}, {"name": "thread", "value": "3276-MainThread"}, {"name": "framework", "value": "pytest"}, {"name": "language", "value": "cpython3"}, {"name": "package", "value": "tests.web.test_create_post"}]}