{"name": "test_login_success", "status": "failed", "statusDetails": {"message": "AssertionError: Locator expected to be visible\nActual value: <element(s) not found> \nCall log:\nLocatorAssertions.to_be_visible with timeout 5000ms\n  - waiting for get_by_role(\"link\", name=\"New Article\", exact=True)", "trace": "self = <test_login.TestLogin object at 0x0000022BB400FE90>, page = <Page url='https://hocvancungricky.com/'>\n\n    @allure.story(\"Login thành công\")\n    def test_login_success(self, page):\n        lp = LoginPage(page)\n>       lp.goto().login(settings.USER_EMAIL, settings.USER_PASSWORD).assert_logged_in()\n\ntests\\web\\test_login.py:12: \n_ _ _ _ _ _ _ _ _ _ _ _ _ _ _ _ _ _ _ _ _ _ _ _ _ _ _ _ _ _ _ _ _ _ _ _ _ _ _ _ _ _ _ _ _ _ _ _ _ _ _ _ _ _ _ _ _ _ _ _ _ _ _ _ _ _ _ _ _ _ _ _ _ _ _ _ _ _ _ _ _ _ _ _ _ _ _ _ _ _ _ _ _ _ _ _ _ _ _ _ _ _ _ _ _ _ _ _ _ _ _ _ \n\nself = <pages.login_page.LoginPage object at 0x0000022BB40C7B60>\n\n    def assert_logged_in(self):\n        with allure.step(\"Xác minh đã đăng nhập (có link 'New Article')\"):\n>           expect(self.page.get_by_role(\"link\", name=\"New Article\", exact=True)).to_be_visible()\nE           AssertionError: Locator expected to be visible\nE           Actual value: <element(s) not found> \nE           Call log:\nE           LocatorAssertions.to_be_visible with timeout 5000ms\nE             - waiting for get_by_role(\"link\", name=\"New Article\", exact=True)\n\npages\\login_page.py:30: AssertionError"}, "steps": [{"name": "Mở trang chủ", "status": "passed", "start": 1755699458699, "stop": 1755699465131}, {"name": "Đi tới trang Sign in", "status": "passed", "start": 1755699465131, "stop": 1755699465913}, {"name": "Nhập thông tin đăng nhập", "status": "passed", "start": 1755699465913, "stop": 1755699466515}, {"name": "Đăng nhập", "status": "passed", "start": 1755699466515, "stop": 1755699467739}, {"name": "Xác minh đã đăng nhập (có link 'New Article')", "status": "failed", "statusDetails": {"message": "AssertionError: Locator expected to be visible\nActual value: <element(s) not found> \nCall log:\nLocatorAssertions.to_be_visible with timeout 5000ms\n  - waiting for get_by_role(\"link\", name=\"New Article\", exact=True)\n\n", "trace": "  File \"C:\\Users\\thanh\\PycharmProjects\\auto_python_playwright_web\\pages\\login_page.py\", line 30, in assert_logged_in\n    expect(self.page.get_by_role(\"link\", name=\"New Article\", exact=True)).to_be_visible()\n  File \"C:\\Users\\thanh\\PycharmProjects\\auto_python_playwright_web\\.venv\\Lib\\site-packages\\playwright\\sync_api\\_generated.py\", line 19757, in to_be_visible\n    self._sync(self._impl_obj.to_be_visible(visible=visible, timeout=timeout))\n  File \"C:\\Users\\thanh\\PycharmProjects\\auto_python_playwright_web\\.venv\\Lib\\site-packages\\playwright\\_impl\\_sync_base.py\", line 115, in _sync\n    return task.result()\n           ^^^^^^^^^^^^^\n  File \"C:\\Users\\thanh\\PycharmProjects\\auto_python_playwright_web\\.venv\\Lib\\site-packages\\playwright\\_impl\\_assertions.py\", line 664, in to_be_visible\n    await self._expect_impl(\n  File \"C:\\Users\\thanh\\PycharmProjects\\auto_python_playwright_web\\.venv\\Lib\\site-packages\\playwright\\_impl\\_assertions.py\", line 74, in _expect_impl\n    raise AssertionError(\n"}, "start": 1755699467739, "stop": 1755699472748}], "attachments": [{"name": "stdout", "source": "fae8d458-da61-4e98-aeb7-4e4ad8d28225-attachment.txt", "type": "text/plain"}], "start": 1755699458697, "stop": 1755699472749, "uuid": "09518a31-c8ca-4cf8-b784-cdd7e90be51f", "historyId": "875a81a05b6adf5de97d29a15a01413b", "testCaseId": "875a81a05b6adf5de97d29a15a01413b", "fullName": "tests.web.test_login.TestLogin#test_login_success", "labels": [{"name": "feature", "value": "Authentication"}, {"name": "story", "value": "Login thành công"}, {"name": "severity", "value": "critical"}, {"name": "parentSuite", "value": "tests.web"}, {"name": "suite", "value": "test_login"}, {"name": "subSuite", "value": "TestLogin"}, {"name": "host", "value": "Thanh-PC"}, {"name": "thread", "value": "21972-MainThread"}, {"name": "framework", "value": "pytest"}, {"name": "language", "value": "cpython3"}, {"name": "package", "value": "tests.web.test_login"}]}