{"name": "test_create_post_success", "status": "failed", "statusDetails": {"message": "AssertionError: Locator expected to be visible\nActual value: <element(s) not found> \nCall log:\nLocatorAssertions.to_be_visible with timeout 10000ms\n  - waiting for get_by_placeholder(\"title\")", "trace": "self = <test_create_post.TestCreatePost object at 0x000001FD078317C0>, page = <Page url='https://hocvancokimngan.com/add_blog/'>\n\n    @allure.story(\"Tạo bài viết mới thành công\")\n    @allure.tag(\"auth\")\n    def test_create_post_success(self, page):\n        lp = LoginPage(page)\n        lp.goto().login(settings.USER_EMAIL, settings.USER_PASSWORD).assert_logged_in(\"test1111\")\n        pe = PostEditorPage(page)\n    \n        title =\"abcd\"\n    \n        # body = \"\\n\\n\".join(fake.paragraphs(nb=3))\n        # tags = \"playwright,python,e2e\"\n    \n        #pe.open().goto_editor().create_post(title, about, body, tags).assert_post_published(title)\n        pe.open().goto_editor()\n>       pe.create_post(title, 15)\n\ntests\\web\\test_create_post.py:27: \n_ _ _ _ _ _ _ _ _ _ _ _ _ _ _ _ _ _ _ _ _ _ _ _ _ _ _ _ _ _ _ _ _ _ _ _ _ _ _ _ _ _ _ _ _ _ _ _ _ _ _ _ _ _ _ _ _ _ _ _ _ _ _ _ _ _ _ _ _ _ _ _ _ _ _ _ _ _ _ _ _ _ _ _ _ _ _ _ _ _ _ _ _ _ _ _ _ _ _ _ _ _ _ _ _ _ _ _ _ _ _ _ \npages\\post_editor_page.py:27: in create_post\n    self.fill_by_placeholder(self.PH_TITLE, title)\npages\\base_page.py:159: in fill_by_placeholder\n    self._wait_visible(field)\n_ _ _ _ _ _ _ _ _ _ _ _ _ _ _ _ _ _ _ _ _ _ _ _ _ _ _ _ _ _ _ _ _ _ _ _ _ _ _ _ _ _ _ _ _ _ _ _ _ _ _ _ _ _ _ _ _ _ _ _ _ _ _ _ _ _ _ _ _ _ _ _ _ _ _ _ _ _ _ _ _ _ _ _ _ _ _ _ _ _ _ _ _ _ _ _ _ _ _ _ _ _ _ _ _ _ _ _ _ _ _ _ \n\nself = <pages.post_editor_page.PostEditorPage object at 0x000001FD08BA2360>, locator = <Locator frame=<Frame name= url='https://hocvancokimngan.com/add_blog/'> selector='internal:attr=[placeholder=\"title\"i]'>, timeout = None\n\n    def _wait_visible(self, locator: Locator, timeout: Optional[int] = None):\n>       expect(locator).to_be_visible(timeout=timeout or settings.PW_TIMEOUT)\nE       AssertionError: Locator expected to be visible\nE       Actual value: <element(s) not found> \nE       Call log:\nE       LocatorAssertions.to_be_visible with timeout 10000ms\nE         - waiting for get_by_placeholder(\"title\")\n\npages\\base_page.py:221: AssertionError"}, "steps": [{"name": "Mở trang chủ", "status": "passed", "start": 1755872871655, "stop": 1755872872735}, {"name": "Đi tới trang Sign in", "status": "passed", "start": 1755872872735, "stop": 1755872873134}, {"name": "Nhập thông tin đăng nhập", "status": "passed", "start": 1755872873134, "stop": 1755872873210}, {"name": "Đăng nhập", "status": "passed", "start": 1755872873210, "stop": 1755872874060}, {"name": "Xác minh đã đăng nhập thành công", "status": "passed", "start": 1755872874060, "stop": 1755872874123}, {"name": "Mở form tạo bài viết", "status": "passed", "start": 1755872874241, "stop": 1755872874724}, {"name": "Nhập nội dung bài viết", "status": "failed", "statusDetails": {"message": "AssertionError: Locator expected to be visible\nActual value: <element(s) not found> \nCall log:\nLocatorAssertions.to_be_visible with timeout 10000ms\n  - waiting for get_by_placeholder(\"title\")\n\n", "trace": "  File \"C:\\Users\\thanh\\PycharmProjects\\auto_python_playwright_web\\pages\\post_editor_page.py\", line 27, in create_post\n    self.fill_by_placeholder(self.PH_TITLE, title)\n  File \"C:\\Users\\thanh\\PycharmProjects\\auto_python_playwright_web\\pages\\base_page.py\", line 159, in fill_by_placeholder\n    self._wait_visible(field)\n  File \"C:\\Users\\thanh\\PycharmProjects\\auto_python_playwright_web\\pages\\base_page.py\", line 221, in _wait_visible\n    expect(locator).to_be_visible(timeout=timeout or settings.PW_TIMEOUT)\n  File \"C:\\Users\\thanh\\PycharmProjects\\auto_python_playwright_web\\.venv\\Lib\\site-packages\\playwright\\sync_api\\_generated.py\", line 19757, in to_be_visible\n    self._sync(self._impl_obj.to_be_visible(visible=visible, timeout=timeout))\n  File \"C:\\Users\\thanh\\PycharmProjects\\auto_python_playwright_web\\.venv\\Lib\\site-packages\\playwright\\_impl\\_sync_base.py\", line 115, in _sync\n    return task.result()\n           ^^^^^^^^^^^^^\n  File \"C:\\Users\\thanh\\PycharmProjects\\auto_python_playwright_web\\.venv\\Lib\\site-packages\\playwright\\_impl\\_assertions.py\", line 664, in to_be_visible\n    await self._expect_impl(\n  File \"C:\\Users\\thanh\\PycharmProjects\\auto_python_playwright_web\\.venv\\Lib\\site-packages\\playwright\\_impl\\_assertions.py\", line 74, in _expect_impl\n    raise AssertionError(\n"}, "start": 1755872874724, "stop": 1755872884729}], "attachments": [{"name": "stdout", "source": "9443498a-6283-465e-af5c-7bbf9399ff59-attachment.txt", "type": "text/plain"}], "start": 1755872871651, "stop": 1755872884732, "uuid": "e7c5eda8-4166-4c50-b996-5aab2a46e0a4", "historyId": "768bcb5d3542cf9368da80bd1e9e51e4", "testCaseId": "768bcb5d3542cf9368da80bd1e9e51e4", "fullName": "tests.web.test_create_post.TestCreatePost#test_create_post_success", "labels": [{"name": "severity", "value": "critical"}, {"name": "feature", "value": "Post"}, {"name": "tag", "value": "auth"}, {"name": "story", "value": "Tạo bài viết mới thành công"}, {"name": "parentSuite", "value": "tests.web"}, {"name": "suite", "value": "test_create_post"}, {"name": "subSuite", "value": "TestCreatePost"}, {"name": "host", "value": "Thanh-PC"}, {"name": "thread", "value": "22108-MainThread"}, {"name": "framework", "value": "pytest"}, {"name": "language", "value": "cpython3"}, {"name": "package", "value": "tests.web.test_create_post"}]}